<?xml version="1.0" encoding="UTF-8"?>
<!-- Generated by org.testng.reporters.JUnitXMLReporter -->
<testsuite hostname="VIVEK-PC" tests="3" failures="1" timestamp="26 Apr 2015 06:38:46 GMT" time="0.011" errors="0">
  <testcase name="sum" time="0.006" classname="testng_param">
    <failure type="java.lang.AssertionError" message="expected [5] but found [6]">
      <![CDATA[java.lang.AssertionError: expected [5] but found [6]
	at testng_param.sum(testng_param.java:21)
... Removed 28 stack frames]]>
    </failure>
  </testcase> <!-- sum -->
  <testcase name="sum" time="0.0" classname="testng_param"/>
  <testcase name="sum" time="0.0" classname="testng_param"/>
</testsuite>
