<?xml version="1.0" encoding="UTF-8"?>
<testng-results skipped="0" failed="1" total="6" passed="5">
  <reporter-output>
  </reporter-output>
  <suite name="TestNG Learning - Tsys" duration-ms="99" started-at="????-??-??T??:??:??Z" finished-at="????-??-??T??:??:??Z">
    <groups>
    </groups>
    <test name="Login test" duration-ms="28" started-at="????-??-??T??:??:??Z" finished-at="????-??-??T??:??:??Z">
      <class name="testcases">
        <test-method status="PASS" signature="opendb()[pri:0, instance:testcases@5c244f19]" name="opendb" is-config="true" duration-ms="1" started-at="????-??-??T??:??:??Z" finished-at="????-??-??T??:??:??Z">
          <reporter-output>
          </reporter-output>
        </test-method> <!-- opendb -->
        <test-method status="PASS" signature="openbrowser()[pri:0, instance:testcases@5c244f19]" name="openbrowser" is-config="true" duration-ms="1" started-at="????-??-??T??:??:??Z" finished-at="????-??-??T??:??:??Z">
          <reporter-output>
          </reporter-output>
        </test-method> <!-- openbrowser -->
        <test-method status="PASS" signature="login()[pri:0, instance:testcases@5c244f19]" name="login" duration-ms="2" started-at="????-??-??T??:??:??Z" finished-at="????-??-??T??:??:??Z">
          <reporter-output>
          </reporter-output>
        </test-method> <!-- login -->
        <test-method status="PASS" signature="closebrowser()[pri:0, instance:testcases@5c244f19]" name="closebrowser" is-config="true" duration-ms="1" started-at="????-??-??T??:??:??Z" finished-at="????-??-??T??:??:??Z">
          <reporter-output>
          </reporter-output>
        </test-method> <!-- closebrowser -->
        <test-method status="PASS" signature="openbrowser()[pri:0, instance:testcases@5c244f19]" name="openbrowser" is-config="true" duration-ms="1" started-at="????-??-??T??:??:??Z" finished-at="????-??-??T??:??:??Z">
          <reporter-output>
          </reporter-output>
        </test-method> <!-- openbrowser -->
        <test-method status="PASS" signature="openpage()[pri:0, instance:testcases@5c244f19]" name="openpage" duration-ms="1" started-at="????-??-??T??:??:??Z" finished-at="????-??-??T??:??:??Z">
          <reporter-output>
          </reporter-output>
        </test-method> <!-- openpage -->
        <test-method status="PASS" signature="closebrowser()[pri:0, instance:testcases@5c244f19]" name="closebrowser" is-config="true" duration-ms="0" started-at="????-??-??T??:??:??Z" finished-at="????-??-??T??:??:??Z">
          <reporter-output>
          </reporter-output>
        </test-method> <!-- closebrowser -->
        <test-method status="PASS" signature="closedb()[pri:0, instance:testcases@5c244f19]" name="closedb" is-config="true" duration-ms="1" started-at="????-??-??T??:??:??Z" finished-at="????-??-??T??:??:??Z">
          <reporter-output>
          </reporter-output>
        </test-method> <!-- closedb -->
      </class> <!-- testcases -->
    </test> <!-- Login test -->
    <test name="Second test" duration-ms="2" started-at="????-??-??T??:??:??Z" finished-at="????-??-??T??:??:??Z">
      <class name="testing2">
        <test-method status="PASS" signature="A()[pri:0, instance:testing2@473f704e]" name="A" duration-ms="1" started-at="????-??-??T??:??:??Z" finished-at="????-??-??T??:??:??Z">
          <reporter-output>
          </reporter-output>
        </test-method> <!-- A -->
      </class> <!-- testing2 -->
    </test> <!-- Second test -->
    <test name="third test" duration-ms="11" started-at="????-??-??T??:??:??Z" finished-at="????-??-??T??:??:??Z">
      <class name="testng_param">
        <test-method status="FAIL" signature="sum(int, int, int)[pri:0, instance:testng_param@2d2c6ed8]" name="sum" duration-ms="6" started-at="????-??-??T??:??:??Z" data-provider="testDataProvider" finished-at="????-??-??T??:??:??Z">
          <params>
            <param index="0">
              <value>
                <![CDATA[2]]>
              </value>
            </param>
            <param index="1">
              <value>
                <![CDATA[3]]>
              </value>
            </param>
            <param index="2">
              <value>
                <![CDATA[6]]>
              </value>
            </param>
          </params>
          <exception class="java.lang.AssertionError">
            <message>
              <![CDATA[expected [5] but found [6]]]>
            </message>
            <full-stacktrace>
              <![CDATA[java.lang.AssertionError: expected [5] but found [6]
	at org.testng.Assert.fail(Assert.java:94)
	at org.testng.Assert.failNotEquals(Assert.java:494)
	at org.testng.Assert.assertEquals(Assert.java:123)
	at org.testng.Assert.assertEquals(Assert.java:370)
	at org.testng.Assert.assertEquals(Assert.java:380)
	at testng_param.sum(testng_param.java:21)
	at sun.reflect.NativeMethodAccessorImpl.invoke0(Native Method)
	at sun.reflect.NativeMethodAccessorImpl.invoke(NativeMethodAccessorImpl.java:57)
	at sun.reflect.DelegatingMethodAccessorImpl.invoke(DelegatingMethodAccessorImpl.java:43)
	at java.lang.reflect.Method.invoke(Method.java:606)
	at org.testng.internal.MethodInvocationHelper.invokeMethod(MethodInvocationHelper.java:84)
	at org.testng.internal.Invoker.invokeMethod(Invoker.java:714)
	at org.testng.internal.Invoker.invokeTestMethod(Invoker.java:901)
	at org.testng.internal.Invoker.invokeTestMethods(Invoker.java:1231)
	at org.testng.internal.TestMethodWorker.invokeTestMethods(TestMethodWorker.java:127)
	at org.testng.internal.TestMethodWorker.run(TestMethodWorker.java:111)
	at org.testng.TestRunner.privateRun(TestRunner.java:767)
	at org.testng.TestRunner.run(TestRunner.java:617)
	at org.testng.SuiteRunner.runTest(SuiteRunner.java:334)
	at org.testng.SuiteRunner.runSequentially(SuiteRunner.java:329)
	at org.testng.SuiteRunner.privateRun(SuiteRunner.java:291)
	at org.testng.SuiteRunner.run(SuiteRunner.java:240)
	at org.testng.SuiteRunnerWorker.runSuite(SuiteRunnerWorker.java:52)
	at org.testng.SuiteRunnerWorker.run(SuiteRunnerWorker.java:86)
	at org.testng.TestNG.runSuitesSequentially(TestNG.java:1224)
	at org.testng.TestNG.runSuitesLocally(TestNG.java:1149)
	at org.testng.TestNG.run(TestNG.java:1057)
	at org.testng.TestNG.privateMain(TestNG.java:1364)
	at org.testng.TestNG.main(TestNG.java:1333)
]]>
            </full-stacktrace>
          </exception> <!-- java.lang.AssertionError -->
          <reporter-output>
          </reporter-output>
        </test-method> <!-- sum -->
        <test-method status="PASS" signature="sum(int, int, int)[pri:0, instance:testng_param@2d2c6ed8]" name="sum" duration-ms="0" started-at="????-??-??T??:??:??Z" data-provider="testDataProvider" finished-at="????-??-??T??:??:??Z">
          <params>
            <param index="0">
              <value>
                <![CDATA[4]]>
              </value>
            </param>
            <param index="1">
              <value>
                <![CDATA[5]]>
              </value>
            </param>
            <param index="2">
              <value>
                <![CDATA[9]]>
              </value>
            </param>
          </params>
          <reporter-output>
          </reporter-output>
        </test-method> <!-- sum -->
        <test-method status="PASS" signature="sum(int, int, int)[pri:0, instance:testng_param@2d2c6ed8]" name="sum" duration-ms="0" started-at="????-??-??T??:??:??Z" data-provider="testDataProvider" finished-at="????-??-??T??:??:??Z">
          <params>
            <param index="0">
              <value>
                <![CDATA[3]]>
              </value>
            </param>
            <param index="1">
              <value>
                <![CDATA[5]]>
              </value>
            </param>
            <param index="2">
              <value>
                <![CDATA[8]]>
              </value>
            </param>
          </params>
          <reporter-output>
          </reporter-output>
        </test-method> <!-- sum -->
      </class> <!-- testng_param -->
      <class name="testing2">
        <test-method status="PASS" signature="runselenium()[pri:0, instance:testing2@473f704e]" name="runselenium" is-config="true" duration-ms="20" started-at="????-??-??T??:??:??Z" finished-at="????-??-??T??:??:??Z">
          <reporter-output>
          </reporter-output>
        </test-method> <!-- runselenium -->
        <test-method status="PASS" signature="stopselenium()[pri:0, instance:testing2@473f704e]" name="stopselenium" is-config="true" duration-ms="0" started-at="????-??-??T??:??:??Z" finished-at="????-??-??T??:??:??Z">
          <reporter-output>
          </reporter-output>
        </test-method> <!-- stopselenium -->
      </class> <!-- testing2 -->
    </test> <!-- third test -->
  </suite> <!-- TestNG Learning - Tsys -->
</testng-results>
